[2020-10-21 20:26:29,030] - data -  DEBUG: _readData() called
[2020-10-21 20:26:29,031] - data -  DEBUG: Pacemaker  data read
[2020-10-21 20:26:29,031] - data -  DEBUG: Pacemaker 123 data read
[2020-10-21 20:26:29,031] - data -  DEBUG: Pacemaker 1 data read
[2020-10-21 20:26:29,031] - data -  DEBUG: Pacemaker 3 data read
[2020-10-21 20:26:29,031] - data -  DEBUG: Pacemaker 1 data read
[2020-10-21 20:26:29,031] - data -  DEBUG: Pacemaker 2 data read
[2020-10-21 20:26:29,031] - data -  INFO: Pacemaker 2 is/was connected
[2020-10-21 20:26:29,032] - users -  DEBUG: _getInfo() called
[2020-10-21 20:26:29,032] - data -  DEBUG: getUserInfo() called
[2020-10-21 20:26:29,033] - users -  INFO: Created user object for test1
[2020-10-21 20:26:29,035] - users -  INFO: Created user object for test2
[2020-10-21 20:26:29,035] - users -  INFO: Created user object for test3
[2020-10-21 20:26:29,035] - users -  INFO: Created user object for test4
[2020-10-21 20:26:29,035] - users -  INFO: Created user object for test5
[2020-10-21 20:26:29,035] - users -  INFO: Created user object for test6
[2020-10-21 20:26:29,035] - users -  INFO: Created user object for test7
[2020-10-21 20:26:29,035] - users -  INFO: Created user object for test8
[2020-10-21 20:26:29,035] - users -  INFO: Created user object for 1234
[2020-10-21 20:26:29,054] - modes -  DEBUG: _createModes() called
[2020-10-21 20:26:29,054] - modes -  INFO: Created voo mode
[2020-10-21 20:26:29,055] - modes -  INFO: Created aoo mode
[2020-10-21 20:26:29,055] - modes -  INFO: Created vvi mode
[2020-10-21 20:26:29,055] - modes -  INFO: Created aai mode
[2020-10-21 20:26:29,058] - pacemaker -  DEBUG: _getData() called
[2020-10-21 20:26:29,059] - data -  DEBUG: getPacemakerInfo() called
[2020-10-21 20:26:29,133] - modes -  DEBUG: allModes() called
[2020-10-21 20:26:33,017] - pacemaker -  DEBUG: connect() called
[2020-10-21 20:26:33,017] - pacemaker -  DEBUG: _currentPacemaker() called
[2020-10-21 20:26:33,017] - pacemaker -  INFO: Pacemaker 2 is connected
[2020-10-21 20:26:33,017] - data -  DEBUG: setConnectedPacemaker() called
[2020-10-21 20:26:33,017] - data -  INFO: Pacemaker 2 disconnected
[2020-10-21 20:26:33,017] - data -  DEBUG: _writeData() called
[2020-10-21 20:26:33,020] - data -  INFO: Pacemaker 3 updated
[2020-10-21 20:26:33,021] - data -  INFO: Data written to JSON file
[2020-10-21 20:26:33,022] - data -  DEBUG: _readData() called
[2020-10-21 20:26:33,033] - data -  DEBUG: Pacemaker  data read
[2020-10-21 20:26:33,033] - data -  DEBUG: Pacemaker 123 data read
[2020-10-21 20:26:33,033] - data -  DEBUG: Pacemaker 1 data read
[2020-10-21 20:26:33,033] - data -  DEBUG: Pacemaker 1 data read
[2020-10-21 20:26:33,033] - data -  DEBUG: Pacemaker 2 data read
[2020-10-21 20:26:33,034] - data -  DEBUG: Pacemaker 3 data read
[2020-10-21 20:26:33,034] - data -  INFO: Pacemaker 3 is/was connected
[2020-10-21 20:26:33,034] - pacemaker -  INFO: Pacemaker 3 is now connected
[2020-10-21 20:26:33,034] - pacemaker -  DEBUG: _getData() called
[2020-10-21 20:26:33,034] - data -  DEBUG: getPacemakerInfo() called
[2020-10-21 20:26:41,414] - users -  DEBUG: signInUser() called for Matt
[2020-10-21 20:26:41,414] - users -  DEBUG: _getInfo() called
[2020-10-21 20:26:41,418] - data -  DEBUG: getUserInfo() called
[2020-10-21 20:26:41,418] - users -  INFO: Created user object for Matt
[2020-10-21 20:26:41,419] - users -  DEBUG: _validateUser() called for Matt
[2020-10-21 20:26:41,419] - users -  INFO: Matt was validated
[2020-10-21 20:26:41,419] - users -  INFO: Matt is signed in
[2020-10-21 20:26:45,452] - modes -  ERROR: setCurrentMode requires a Mode object
[2020-10-21 20:26:58,116] - users -  DEBUG: currentUserInfo() called
[2020-10-21 20:26:58,116] - users -  INFO: Matt is logged in
[2020-10-21 20:26:58,117] - users -  DEBUG: deleteUser() called for Matt
[2020-10-21 20:26:58,117] - users -  INFO: Matt deleted
[2020-10-21 20:26:58,117] - users -  DEBUG: _saveInfo() called
[2020-10-21 20:26:58,117] - data -  DEBUG: changeUserInfo() called
[2020-10-21 20:26:58,117] - data -  DEBUG: _writeData() called
[2020-10-21 20:26:58,117] - data -  INFO: Pacemaker 3 updated
[2020-10-21 20:26:58,118] - data -  INFO: Data written to JSON file
[2020-10-21 20:26:58,120] - data -  DEBUG: _readData() called
[2020-10-21 20:26:58,130] - data -  DEBUG: Pacemaker  data read
[2020-10-21 20:26:58,130] - data -  DEBUG: Pacemaker 123 data read
[2020-10-21 20:26:58,130] - data -  DEBUG: Pacemaker 1 data read
[2020-10-21 20:26:58,130] - data -  DEBUG: Pacemaker 1 data read
[2020-10-21 20:26:58,130] - data -  DEBUG: Pacemaker 2 data read
[2020-10-21 20:26:58,131] - data -  DEBUG: Pacemaker 3 data read
[2020-10-21 20:26:58,131] - data -  INFO: Pacemaker 3 is/was connected
[2020-10-21 20:26:58,131] - users -  DEBUG: _getInfo() called
[2020-10-21 20:26:58,131] - data -  DEBUG: getUserInfo() called
