[2020-10-22 15:24:32,697] DEBUG: _createModes() called
[2020-10-22 15:24:32,697] INFO: Created voo mode
[2020-10-22 15:24:32,698] INFO: Created aoo mode
[2020-10-22 15:24:32,698] INFO: Created vvi mode
[2020-10-22 15:24:32,698] INFO: Created aai mode
[2020-10-22 15:24:32,787] DEBUG: allModes() called
[2020-10-22 15:26:08,573] DEBUG: allModes() called
[2020-10-22 15:26:08,573] DEBUG: setCurrentMode() called for voo mode
[2020-10-22 15:26:08,573] INFO: voo is the current mode
[2020-10-22 15:26:26,352] DEBUG: saveParamValues() called for voo mode
[2020-10-22 15:32:42,272] DEBUG: _createModes() called
[2020-10-22 15:32:42,272] INFO: Created voo mode
[2020-10-22 15:32:42,273] INFO: Created aoo mode
[2020-10-22 15:32:42,273] INFO: Created vvi mode
[2020-10-22 15:32:42,276] INFO: Created aai mode
[2020-10-22 15:32:49,442] DEBUG: _createModes() called
[2020-10-22 15:32:49,442] INFO: Created voo mode
[2020-10-22 15:32:49,442] INFO: Created aoo mode
[2020-10-22 15:32:49,442] INFO: Created vvi mode
[2020-10-22 15:32:49,442] INFO: Created aai mode
[2020-10-22 15:32:49,528] DEBUG: allModes() called
[2020-10-22 16:38:41,962] DEBUG: _createModes() called
[2020-10-22 16:38:41,962] INFO: Created voo mode
[2020-10-22 16:38:41,962] INFO: Created aoo mode
[2020-10-22 16:38:41,962] INFO: Created vvi mode
[2020-10-22 16:38:41,962] INFO: Created aai mode
[2020-10-22 16:38:42,039] DEBUG: allModes() called
[2020-10-22 16:39:02,742] DEBUG: allModes() called
[2020-10-22 16:39:02,742] DEBUG: setCurrentMode() called for voo mode
[2020-10-22 16:39:02,742] INFO: voo is the current mode
[2020-10-22 16:39:02,742] DEBUG: getCurrentMode() called
[2020-10-22 16:39:02,743] DEBUG: getCurrentMode() called
[2020-10-22 16:39:38,839] DEBUG: _createModes() called
[2020-10-22 16:39:38,839] INFO: Created voo mode
[2020-10-22 16:39:38,839] INFO: Created aoo mode
[2020-10-22 16:39:38,839] INFO: Created vvi mode
[2020-10-22 16:39:38,839] INFO: Created aai mode
[2020-10-22 16:39:38,918] DEBUG: allModes() called
