[2020-10-20 20:53:30,623] DEBUG: _getData() called
[2020-10-20 20:53:30,624] DEBUG: connect() called
[2020-10-20 20:53:30,624] DEBUG: _currentPacemaker() called
[2020-10-20 20:53:30,624] DEBUG: _addNewPacemaker called
[2020-10-20 20:53:30,624] INFO: Pacemaker 1 created
[2020-10-20 20:53:30,727] INFO: Pacemaker 1 is now connected
[2020-10-20 20:53:30,728] DEBUG: _getData() called
[2020-10-20 20:54:55,195] DEBUG: _getData() called
[2020-10-20 20:54:55,195] DEBUG: connect() called
[2020-10-20 20:54:55,196] DEBUG: _currentPacemaker() called
[2020-10-20 20:54:55,196] INFO: Pacemaker 1 is connected
[2020-10-20 20:54:55,196] DEBUG: _addNewPacemaker called
[2020-10-20 20:54:55,196] INFO: Pacemaker 2 created
[2020-10-20 20:54:55,252] INFO: Pacemaker 2 is now connected
[2020-10-20 20:54:55,252] DEBUG: _getData() called
[2020-10-20 20:58:45,406] DEBUG: _getData() called
[2020-10-20 20:58:45,406] DEBUG: connect() called
[2020-10-20 20:58:45,406] DEBUG: _currentPacemaker() called
[2020-10-20 20:58:45,406] INFO: Pacemaker 2 is connected
[2020-10-20 20:58:45,450] INFO: Pacemaker 1 is now connected
[2020-10-20 20:58:45,450] DEBUG: _getData() called
[2020-10-20 20:58:53,844] DEBUG: _getData() called
[2020-10-20 20:58:53,844] DEBUG: connect() called
[2020-10-20 20:58:53,844] DEBUG: _currentPacemaker() called
[2020-10-20 20:58:53,844] INFO: Pacemaker 1 is connected
[2020-10-20 20:58:53,844] INFO: Pacemaker 1 is already connected
[2020-10-20 20:58:53,844] DEBUG: _getData() called
[2020-10-20 21:30:53,705] DEBUG: _getData() called
[2020-10-20 21:30:53,705] DEBUG: connect() called
[2020-10-20 21:30:53,705] DEBUG: _currentPacemaker() called
[2020-10-20 21:30:53,705] INFO: Pacemaker 1 is connected
[2020-10-20 21:30:53,759] INFO: Pacemaker 2 is now connected
[2020-10-20 21:30:53,759] DEBUG: _getData() called
[2020-10-20 21:31:05,339] DEBUG: _getData() called
[2020-10-20 21:31:05,339] DEBUG: connect() called
[2020-10-20 21:31:05,339] DEBUG: _currentPacemaker() called
[2020-10-20 21:31:05,339] INFO: Pacemaker 2 is connected
[2020-10-20 21:31:05,339] INFO: Pacemaker 2 is already connected
[2020-10-20 21:31:05,339] DEBUG: _getData() called
[2020-10-20 21:32:49,506] DEBUG: _getData() called
[2020-10-20 21:32:49,516] DEBUG: connect() called
[2020-10-20 21:32:49,516] DEBUG: _currentPacemaker() called
[2020-10-20 21:32:49,516] INFO: Pacemaker 2 is connected
[2020-10-20 21:32:49,516] INFO: Pacemaker 2 is already connected
[2020-10-20 21:32:49,516] DEBUG: _getData() called
[2020-10-20 21:32:56,132] DEBUG: _getData() called
[2020-10-20 21:32:56,132] DEBUG: connect() called
[2020-10-20 21:32:56,132] DEBUG: _currentPacemaker() called
[2020-10-20 21:32:56,132] INFO: Pacemaker 2 is connected
[2020-10-20 21:32:56,132] INFO: Pacemaker 2 is already connected
[2020-10-20 21:32:56,134] DEBUG: _getData() called
[2020-10-20 21:35:49,577] DEBUG: _getData() called
[2020-10-20 21:35:49,577] DEBUG: connect() called
[2020-10-20 21:35:49,578] DEBUG: _currentPacemaker() called
[2020-10-20 21:35:49,578] INFO: Pacemaker 2 is connected
[2020-10-20 21:35:49,578] INFO: Pacemaker 2 is already connected
[2020-10-20 21:35:49,578] DEBUG: _getData() called
[2020-10-20 21:47:42,825] DEBUG: _getData() called
[2020-10-20 21:47:42,825] DEBUG: connect() called
[2020-10-20 21:47:42,825] DEBUG: _currentPacemaker() called
[2020-10-20 21:47:42,825] INFO: Pacemaker 2 is connected
[2020-10-20 21:47:42,825] INFO: Pacemaker 2 is already connected
[2020-10-20 21:47:42,825] DEBUG: _getData() called
[2020-10-20 21:48:39,759] DEBUG: _getData() called
[2020-10-20 21:48:39,759] DEBUG: connect() called
[2020-10-20 21:48:39,759] DEBUG: _currentPacemaker() called
[2020-10-20 21:48:39,759] INFO: Pacemaker 2 is connected
[2020-10-20 21:48:39,759] INFO: Pacemaker 2 is already connected
[2020-10-20 21:48:39,759] DEBUG: _getData() called
[2020-10-20 21:51:06,994] DEBUG: _getData() called
[2020-10-20 21:51:06,995] DEBUG: connect() called
[2020-10-20 21:51:06,995] DEBUG: _currentPacemaker() called
[2020-10-20 21:51:06,995] INFO: Pacemaker 2 is connected
[2020-10-20 21:51:06,995] INFO: Pacemaker 2 is already connected
[2020-10-20 21:51:06,996] DEBUG: _getData() called
[2020-10-20 21:51:14,300] DEBUG: _getData() called
[2020-10-20 21:51:14,300] DEBUG: connect() called
[2020-10-20 21:51:14,300] DEBUG: _currentPacemaker() called
[2020-10-20 21:51:14,300] INFO: Pacemaker 2 is connected
[2020-10-20 21:51:14,300] INFO: Pacemaker 2 is already connected
[2020-10-20 21:51:14,300] DEBUG: _getData() called
[2020-10-20 21:51:25,488] DEBUG: _getData() called
[2020-10-20 21:51:25,488] DEBUG: connect() called
[2020-10-20 21:51:25,488] DEBUG: _currentPacemaker() called
[2020-10-20 21:51:25,488] INFO: Pacemaker 2 is connected
[2020-10-20 21:51:25,488] INFO: Pacemaker 2 is already connected
[2020-10-20 21:51:25,488] DEBUG: _getData() called
[2020-10-21 08:27:56,100] DEBUG: _getData() called
[2020-10-21 10:22:17,902] DEBUG: _getData() called
[2020-10-21 10:22:33,173] DEBUG: connect() called
[2020-10-21 10:22:33,173] DEBUG: _currentPacemaker() called
[2020-10-21 10:22:33,173] INFO: Pacemaker 2 is connected
[2020-10-21 10:22:33,173] DEBUG: _addNewPacemaker called
[2020-10-21 10:22:33,173] INFO: Pacemaker  created
[2020-10-21 10:22:33,181] INFO: Pacemaker  is now connected
[2020-10-21 10:22:33,181] DEBUG: _getData() called
[2020-10-21 10:32:02,022] DEBUG: _getData() called
[2020-10-21 10:33:29,773] DEBUG: _getData() called
[2020-10-21 10:33:37,918] DEBUG: _getData() called
[2020-10-21 10:33:41,495] DEBUG: connect() called
[2020-10-21 10:33:41,495] DEBUG: _currentPacemaker() called
[2020-10-21 10:33:41,495] INFO: Pacemaker  is connected
[2020-10-21 10:33:41,496] DEBUG: _addNewPacemaker called
[2020-10-21 10:33:41,496] INFO: Pacemaker 123 created
[2020-10-21 10:33:41,507] INFO: Pacemaker 123 is now connected
[2020-10-21 10:33:41,507] DEBUG: _getData() called
[2020-10-21 10:33:56,698] DEBUG: _getData() called
[2020-10-21 10:33:59,795] DEBUG: connect() called
[2020-10-21 10:33:59,795] DEBUG: _currentPacemaker() called
[2020-10-21 10:33:59,795] INFO: Pacemaker 123 is connected
[2020-10-21 10:33:59,795] INFO: Pacemaker 123 is already connected
[2020-10-21 10:33:59,795] DEBUG: _getData() called
[2020-10-21 10:34:03,752] DEBUG: _getData() called
[2020-10-21 10:34:05,265] DEBUG: connect() called
[2020-10-21 10:34:05,265] DEBUG: _currentPacemaker() called
[2020-10-21 10:34:05,265] INFO: Pacemaker 123 is connected
[2020-10-21 10:34:05,265] INFO: Pacemaker 123 is already connected
[2020-10-21 10:34:05,265] DEBUG: _getData() called
[2020-10-21 10:34:49,629] DEBUG: _getData() called
[2020-10-21 10:34:52,747] DEBUG: _getData() called
[2020-10-21 10:34:55,409] DEBUG: connect() called
[2020-10-21 10:34:55,409] DEBUG: _currentPacemaker() called
[2020-10-21 10:34:55,409] INFO: Pacemaker 123 is connected
[2020-10-21 10:34:55,409] INFO: Pacemaker 123 is already connected
[2020-10-21 10:34:55,409] DEBUG: _getData() called
[2020-10-21 10:35:09,236] DEBUG: _getData() called
[2020-10-21 10:35:11,774] DEBUG: _getData() called
[2020-10-21 10:35:14,693] DEBUG: connect() called
[2020-10-21 10:35:14,693] DEBUG: _currentPacemaker() called
[2020-10-21 10:35:14,693] INFO: Pacemaker 123 is connected
[2020-10-21 10:35:14,693] INFO: Pacemaker 123 is already connected
[2020-10-21 10:35:14,693] DEBUG: _getData() called
[2020-10-21 10:44:12,548] DEBUG: _getData() called
[2020-10-21 10:44:14,793] DEBUG: connect() called
[2020-10-21 10:44:14,793] DEBUG: _currentPacemaker() called
[2020-10-21 10:44:14,793] INFO: Pacemaker 123 is connected
[2020-10-21 10:44:14,793] INFO: Pacemaker 123 is already connected
[2020-10-21 10:44:14,793] DEBUG: _getData() called
[2020-10-21 10:45:05,069] DEBUG: _getData() called
[2020-10-21 10:45:06,326] DEBUG: connect() called
[2020-10-21 10:45:06,326] DEBUG: _currentPacemaker() called
[2020-10-21 10:45:06,326] INFO: Pacemaker 123 is connected
[2020-10-21 10:45:06,326] DEBUG: _addNewPacemaker called
[2020-10-21 10:45:06,327] INFO: Pacemaker 1 created
[2020-10-21 10:45:06,338] INFO: Pacemaker 1 is now connected
[2020-10-21 10:45:06,338] DEBUG: _getData() called
[2020-10-21 10:46:02,296] DEBUG: _getData() called
[2020-10-21 10:46:04,655] DEBUG: connect() called
[2020-10-21 10:46:04,655] DEBUG: _currentPacemaker() called
[2020-10-21 10:46:04,655] INFO: Pacemaker 1 is connected
[2020-10-21 10:46:04,655] INFO: Pacemaker 1 is already connected
[2020-10-21 10:46:04,655] DEBUG: _getData() called
[2020-10-21 10:48:31,275] DEBUG: _getData() called
[2020-10-21 10:48:34,924] DEBUG: connect() called
[2020-10-21 10:48:34,924] DEBUG: _currentPacemaker() called
[2020-10-21 10:48:34,924] INFO: Pacemaker 1 is connected
[2020-10-21 10:48:34,924] INFO: Pacemaker 1 is already connected
[2020-10-21 10:48:34,924] DEBUG: _getData() called
[2020-10-21 10:51:07,776] DEBUG: _getData() called
[2020-10-21 10:51:09,239] DEBUG: connect() called
[2020-10-21 10:51:09,239] DEBUG: _currentPacemaker() called
[2020-10-21 10:51:09,239] INFO: Pacemaker 1 is connected
[2020-10-21 10:51:09,247] INFO: Pacemaker 1 is now connected
[2020-10-21 10:51:09,247] DEBUG: _getData() called
[2020-10-21 10:56:43,673] DEBUG: _getData() called
[2020-10-21 10:56:45,173] DEBUG: connect() called
[2020-10-21 10:56:45,173] DEBUG: _currentPacemaker() called
[2020-10-21 10:56:45,173] INFO: Pacemaker 1 is connected
[2020-10-21 10:56:45,173] INFO: Pacemaker 1 is already connected
[2020-10-21 10:56:45,173] DEBUG: _getData() called
[2020-10-21 10:57:05,587] DEBUG: connect() called
[2020-10-21 10:57:05,587] DEBUG: _currentPacemaker() called
[2020-10-21 10:57:05,587] INFO: Pacemaker 1 is connected
[2020-10-21 10:57:05,587] INFO: Pacemaker 1 is already connected
[2020-10-21 10:57:05,587] DEBUG: _getData() called
[2020-10-21 11:00:12,596] DEBUG: _getData() called
[2020-10-21 11:00:14,735] DEBUG: connect() called
[2020-10-21 11:00:14,735] DEBUG: _currentPacemaker() called
[2020-10-21 11:00:14,735] INFO: Pacemaker 1 is connected
[2020-10-21 11:00:14,735] INFO: Pacemaker 1 is already connected
[2020-10-21 11:00:14,736] DEBUG: _getData() called
[2020-10-21 11:33:07,417] DEBUG: _getData() called
[2020-10-21 11:33:11,844] DEBUG: connect() called
[2020-10-21 11:33:11,844] DEBUG: _currentPacemaker() called
[2020-10-21 11:33:11,844] INFO: Pacemaker 1 is connected
[2020-10-21 11:33:11,844] INFO: Pacemaker 1 is already connected
[2020-10-21 11:33:11,844] DEBUG: _getData() called
[2020-10-21 12:23:06,214] DEBUG: _getData() called
[2020-10-21 12:23:08,803] DEBUG: connect() called
[2020-10-21 12:23:08,803] DEBUG: _currentPacemaker() called
[2020-10-21 12:23:08,803] INFO: Pacemaker 1 is connected
[2020-10-21 12:23:08,803] INFO: Pacemaker 1 is already connected
[2020-10-21 12:23:08,803] DEBUG: _getData() called
[2020-10-21 12:26:26,949] DEBUG: _getData() called
[2020-10-21 12:26:28,459] DEBUG: connect() called
[2020-10-21 12:26:28,459] DEBUG: _currentPacemaker() called
[2020-10-21 12:26:28,460] INFO: Pacemaker 1 is connected
[2020-10-21 12:26:28,460] INFO: Pacemaker 1 is already connected
[2020-10-21 12:26:28,460] DEBUG: _getData() called
[2020-10-21 12:34:30,590] DEBUG: _getData() called
[2020-10-21 12:36:00,427] DEBUG: _getData() called
[2020-10-21 12:36:02,220] DEBUG: connect() called
[2020-10-21 12:36:02,220] DEBUG: _currentPacemaker() called
[2020-10-21 12:36:02,221] INFO: Pacemaker 1 is connected
[2020-10-21 12:36:02,221] INFO: Pacemaker 1 is already connected
[2020-10-21 12:36:02,221] DEBUG: _getData() called
[2020-10-21 12:36:54,160] DEBUG: _getData() called
[2020-10-21 12:36:55,757] DEBUG: connect() called
[2020-10-21 12:36:55,758] DEBUG: _currentPacemaker() called
[2020-10-21 12:36:55,758] INFO: Pacemaker 1 is connected
[2020-10-21 12:36:55,758] INFO: Pacemaker 1 is already connected
[2020-10-21 12:36:55,758] DEBUG: _getData() called
[2020-10-21 12:39:03,057] DEBUG: _getData() called
[2020-10-21 12:39:04,840] DEBUG: connect() called
[2020-10-21 12:39:04,840] DEBUG: _currentPacemaker() called
[2020-10-21 12:39:04,840] INFO: Pacemaker 1 is connected
[2020-10-21 12:39:04,840] INFO: Pacemaker 1 is already connected
[2020-10-21 12:39:04,840] DEBUG: _getData() called
[2020-10-21 12:40:42,917] DEBUG: _getData() called
[2020-10-21 12:40:44,691] DEBUG: connect() called
[2020-10-21 12:40:44,691] DEBUG: _currentPacemaker() called
[2020-10-21 12:40:44,691] INFO: Pacemaker 1 is connected
[2020-10-21 12:40:44,691] INFO: Pacemaker 1 is already connected
[2020-10-21 12:40:44,691] DEBUG: _getData() called
[2020-10-21 13:19:38,410] DEBUG: _getData() called
[2020-10-21 13:29:53,479] DEBUG: _getData() called
[2020-10-21 13:29:55,274] DEBUG: connect() called
[2020-10-21 13:29:55,274] DEBUG: _currentPacemaker() called
[2020-10-21 13:29:55,274] INFO: Pacemaker 1 is connected
[2020-10-21 13:29:55,274] INFO: Pacemaker 1 is already connected
[2020-10-21 13:29:55,274] DEBUG: _getData() called
[2020-10-21 13:31:21,250] DEBUG: _getData() called
[2020-10-21 13:31:23,144] DEBUG: connect() called
[2020-10-21 13:31:23,144] DEBUG: _currentPacemaker() called
[2020-10-21 13:31:23,144] INFO: Pacemaker 1 is connected
[2020-10-21 13:31:23,144] INFO: Pacemaker 1 is already connected
[2020-10-21 13:31:23,144] DEBUG: _getData() called
[2020-10-21 13:32:19,244] DEBUG: _getData() called
[2020-10-21 13:32:22,654] DEBUG: connect() called
[2020-10-21 13:32:22,654] DEBUG: _currentPacemaker() called
[2020-10-21 13:32:22,654] INFO: Pacemaker 1 is connected
[2020-10-21 13:32:22,654] INFO: Pacemaker 1 is already connected
[2020-10-21 13:32:22,654] DEBUG: _getData() called
[2020-10-21 13:33:29,810] DEBUG: _getData() called
[2020-10-21 13:33:33,053] DEBUG: _getData() called
[2020-10-21 13:33:34,835] DEBUG: connect() called
[2020-10-21 13:33:34,835] DEBUG: _currentPacemaker() called
[2020-10-21 13:33:34,835] INFO: Pacemaker 1 is connected
[2020-10-21 13:33:34,835] INFO: Pacemaker 1 is already connected
[2020-10-21 13:33:34,835] DEBUG: _getData() called
[2020-10-21 13:58:49,460] DEBUG: _getData() called
[2020-10-21 13:58:50,966] DEBUG: connect() called
[2020-10-21 13:58:50,966] DEBUG: _currentPacemaker() called
[2020-10-21 13:58:50,966] INFO: Pacemaker 1 is connected
[2020-10-21 13:58:50,966] INFO: Pacemaker 1 is already connected
[2020-10-21 13:58:50,966] DEBUG: _getData() called
