[2020-10-22 15:24:32,665] DEBUG: _getInfo() called
[2020-10-22 15:24:32,665] INFO: Created user object for test4
[2020-10-22 15:24:32,666] INFO: Created user object for test3
[2020-10-22 15:24:32,666] INFO: Created user object for Matt
[2020-10-22 15:25:55,909] DEBUG: makeNewUser() called for Matt
[2020-10-22 15:25:55,909] DEBUG: _getInfo() called
[2020-10-22 15:25:55,909] INFO: Created user object for Matt
[2020-10-22 15:25:55,910] DEBUG: _saveInfo() called
[2020-10-22 15:25:55,933] DEBUG: _getInfo() called
[2020-10-22 15:25:55,934] INFO: Created user object for Matt
[2020-10-22 15:26:05,487] DEBUG: signInUser() called for Matt
[2020-10-22 15:26:05,487] DEBUG: _getInfo() called
[2020-10-22 15:26:05,488] INFO: Created user object for Matt
[2020-10-22 15:26:05,491] DEBUG: _validateUser() called for Matt
[2020-10-22 15:26:05,491] INFO: Matt was validated
[2020-10-22 15:26:05,492] INFO: Matt is signed in
[2020-10-22 15:26:30,422] DEBUG: currentUserInfo() called
[2020-10-22 15:26:30,422] INFO: Matt is logged in
[2020-10-22 15:26:30,422] DEBUG: signOutUser() called
[2020-10-22 15:26:30,422] INFO: Matt has been logged out
[2020-10-22 15:26:37,053] DEBUG: signInUser() called for Matt
[2020-10-22 15:26:37,053] DEBUG: _getInfo() called
[2020-10-22 15:26:37,054] INFO: Created user object for Matt
[2020-10-22 15:26:37,054] DEBUG: _validateUser() called for Matt
[2020-10-22 15:26:37,054] INFO: Matt was validated
[2020-10-22 15:26:37,054] INFO: Matt is signed in
[2020-10-22 15:26:46,313] DEBUG: makeNewUser() called for Matt
[2020-10-22 15:26:46,313] DEBUG: _getInfo() called
[2020-10-22 15:26:46,314] INFO: Created user object for Matt
[2020-10-22 15:32:42,269] DEBUG: _getInfo() called
[2020-10-22 15:32:42,269] INFO: Created user object for Matt
[2020-10-22 15:32:49,438] DEBUG: _getInfo() called
[2020-10-22 15:32:49,439] INFO: Created user object for Matt
[2020-10-22 15:33:00,617] DEBUG: makeNewUser() called for Matt
[2020-10-22 15:33:00,618] DEBUG: _getInfo() called
[2020-10-22 15:33:00,618] INFO: Created user object for Matt
[2020-10-22 15:33:00,618] DEBUG: _saveInfo() called
[2020-10-22 15:33:00,640] DEBUG: _getInfo() called
[2020-10-22 15:33:00,641] INFO: Created user object for Matt
[2020-10-22 15:33:08,891] DEBUG: makeNewUser() called for Matt
[2020-10-22 15:33:08,891] DEBUG: _getInfo() called
[2020-10-22 15:33:08,892] INFO: Created user object for Matt
[2020-10-22 15:33:19,819] DEBUG: currentUserInfo() called
[2020-10-22 15:33:19,819] INFO: No user logged in
[2020-10-22 16:38:41,954] DEBUG: _getInfo() called
[2020-10-22 16:38:41,954] INFO: Created user object for Matt
[2020-10-22 16:38:53,407] DEBUG: makeNewUser() called for Matt
[2020-10-22 16:38:53,407] DEBUG: _getInfo() called
[2020-10-22 16:38:53,407] INFO: Created user object for Matt
[2020-10-22 16:38:59,492] DEBUG: signInUser() called for Matt
[2020-10-22 16:38:59,493] DEBUG: _getInfo() called
[2020-10-22 16:38:59,493] INFO: Created user object for Matt
[2020-10-22 16:38:59,493] DEBUG: _validateUser() called for Matt
[2020-10-22 16:38:59,493] INFO: Matt was validated
[2020-10-22 16:38:59,493] INFO: Matt is signed in
[2020-10-22 16:39:04,296] DEBUG: currentUserInfo() called
[2020-10-22 16:39:04,297] INFO: Matt is logged in
[2020-10-22 16:39:04,297] DEBUG: signOutUser() called
[2020-10-22 16:39:04,297] INFO: Matt has been logged out
[2020-10-22 16:39:38,830] DEBUG: _getInfo() called
[2020-10-22 16:39:49,967] DEBUG: makeNewUser() called for Matt
[2020-10-22 16:39:49,967] DEBUG: _getInfo() called
[2020-10-22 16:39:49,967] INFO: Created user object for Matt
[2020-10-22 16:39:49,968] DEBUG: _saveInfo() called
[2020-10-22 16:39:49,980] DEBUG: _getInfo() called
[2020-10-22 16:39:49,981] INFO: Created user object for Matt
[2020-10-22 16:39:55,778] DEBUG: signInUser() called for Matt
[2020-10-22 16:39:55,779] DEBUG: _getInfo() called
[2020-10-22 16:39:55,779] INFO: Created user object for Matt
[2020-10-22 16:39:55,779] DEBUG: _validateUser() called for Matt
[2020-10-22 16:39:55,779] INFO: Matt was validated
[2020-10-22 16:39:55,780] INFO: Matt is signed in
[2020-10-22 16:39:58,902] DEBUG: currentUserInfo() called
[2020-10-22 16:39:58,902] INFO: Matt is logged in
[2020-10-22 16:39:58,903] DEBUG: signOutUser() called
[2020-10-22 16:39:58,903] INFO: Matt has been logged out
[2020-10-23 16:16:23,749] DEBUG: _getInfo() called
[2020-10-23 16:16:23,750] INFO: Created user object for Matt
[2020-10-23 16:16:37,648] DEBUG: signInUser() called for test3
[2020-10-23 16:16:37,648] DEBUG: _getInfo() called
[2020-10-23 16:16:37,648] DEBUG: _validateUser() called for test3
[2020-10-23 16:16:37,648] INFO: test3 was not validated
[2020-10-23 16:16:37,648] INFO: test3 could not be verified
[2020-10-23 16:16:42,953] DEBUG: signInUser() called for test3
[2020-10-23 16:16:42,953] DEBUG: _getInfo() called
[2020-10-23 16:16:42,953] DEBUG: _validateUser() called for test3
[2020-10-23 16:16:42,953] INFO: test3 was not validated
[2020-10-23 16:16:42,953] INFO: test3 could not be verified
[2020-10-23 16:17:25,882] DEBUG: makeNewUser() called for test
[2020-10-23 16:17:25,882] DEBUG: _getInfo() called
[2020-10-23 16:17:25,882] INFO: Created user object for test
[2020-10-23 16:17:25,882] DEBUG: _saveInfo() called
[2020-10-23 16:17:25,887] DEBUG: _getInfo() called
[2020-10-23 16:17:25,887] INFO: Created user object for test
[2020-10-23 16:17:34,396] DEBUG: signInUser() called for test
[2020-10-23 16:17:34,396] DEBUG: _getInfo() called
[2020-10-23 16:17:34,396] INFO: Created user object for test
[2020-10-23 16:17:34,396] DEBUG: _validateUser() called for test
[2020-10-23 16:17:34,396] INFO: test was validated
[2020-10-23 16:17:34,396] INFO: test is signed in
[2020-10-23 16:17:37,786] DEBUG: currentUserInfo() called
[2020-10-23 16:17:37,786] INFO: test is logged in
[2020-10-23 16:17:37,786] DEBUG: signOutUser() called
[2020-10-23 16:17:37,786] INFO: test has been logged out
[2020-10-23 16:17:43,001] DEBUG: signInUser() called for test
[2020-10-23 16:17:43,001] DEBUG: _getInfo() called
[2020-10-23 16:17:43,001] INFO: Created user object for test
[2020-10-23 16:17:43,001] DEBUG: _validateUser() called for test
[2020-10-23 16:17:43,001] INFO: test was validated
[2020-10-23 16:17:43,001] INFO: test is signed in
[2020-10-23 16:17:49,547] DEBUG: currentUserInfo() called
[2020-10-23 16:17:49,548] INFO: test is logged in
[2020-10-23 16:17:49,548] DEBUG: signOutUser() called
[2020-10-23 16:17:49,548] INFO: test has been logged out
[2020-10-23 16:18:12,425] DEBUG: _getInfo() called
[2020-10-23 16:18:12,426] INFO: Created user object for test
[2020-10-23 16:18:24,534] DEBUG: makeNewUser() called for test
[2020-10-23 16:18:24,534] DEBUG: _getInfo() called
[2020-10-23 16:18:24,534] INFO: Created user object for test
[2020-10-23 16:18:28,559] DEBUG: makeNewUser() called for test
[2020-10-23 16:18:28,560] DEBUG: _getInfo() called
[2020-10-23 16:18:28,560] INFO: Created user object for test
[2020-10-23 16:18:30,845] DEBUG: makeNewUser() called for test
[2020-10-23 16:18:30,845] DEBUG: _getInfo() called
[2020-10-23 16:18:30,845] INFO: Created user object for test
[2020-10-23 16:18:40,406] DEBUG: makeNewUser() called for 
[2020-10-23 16:18:40,406] DEBUG: _getInfo() called
[2020-10-23 16:18:40,407] INFO: Created user object for test
[2020-10-23 16:18:40,407] INFO: Created user object for 
[2020-10-23 16:18:40,407] DEBUG: _saveInfo() called
[2020-10-23 16:18:40,413] DEBUG: _getInfo() called
[2020-10-23 16:18:40,413] INFO: Created user object for test
[2020-10-23 16:18:40,413] INFO: Created user object for 
[2020-10-23 16:19:12,385] DEBUG: signInUser() called for 
[2020-10-23 16:19:12,385] DEBUG: _getInfo() called
[2020-10-23 16:19:12,385] INFO: Created user object for test
[2020-10-23 16:19:12,385] INFO: Created user object for 
[2020-10-23 16:19:12,386] DEBUG: _validateUser() called for 
[2020-10-23 16:19:12,386] INFO:  was validated
[2020-10-23 16:19:12,386] INFO:  is signed in
[2020-10-23 16:19:14,633] DEBUG: currentUserInfo() called
[2020-10-23 16:19:14,633] INFO:  is logged in
[2020-10-23 16:19:14,633] DEBUG: signOutUser() called
[2020-10-23 16:19:14,633] INFO:  has been logged out
[2020-10-23 16:19:17,800] DEBUG: signInUser() called for 
[2020-10-23 16:19:17,800] DEBUG: _getInfo() called
[2020-10-23 16:19:17,800] INFO: Created user object for test
[2020-10-23 16:19:17,800] INFO: Created user object for 
[2020-10-23 16:19:17,800] DEBUG: _validateUser() called for 
[2020-10-23 16:19:17,800] INFO:  was not validated
[2020-10-23 16:19:17,800] INFO:  could not be verified
[2020-10-23 16:19:22,982] DEBUG: signInUser() called for 
[2020-10-23 16:19:22,982] DEBUG: _getInfo() called
[2020-10-23 16:19:22,982] INFO: Created user object for test
[2020-10-23 16:19:22,982] INFO: Created user object for 
[2020-10-23 16:19:22,982] DEBUG: _validateUser() called for 
[2020-10-23 16:19:22,982] INFO:  was validated
[2020-10-23 16:19:22,983] INFO:  is signed in
[2020-10-23 16:19:24,507] DEBUG: currentUserInfo() called
[2020-10-23 16:19:24,507] INFO:  is logged in
[2020-10-23 16:19:24,507] DEBUG: signOutUser() called
[2020-10-23 16:19:24,507] INFO:  has been logged out
[2020-10-23 16:20:09,245] DEBUG: _getInfo() called
[2020-10-23 16:36:32,967] DEBUG: _getInfo() called
[2020-10-23 16:36:43,950] DEBUG: _getInfo() called
[2020-10-23 16:37:00,270] DEBUG: _getInfo() called
[2020-10-23 17:31:26,201] DEBUG: _getInfo() called
[2020-10-23 17:33:52,464] DEBUG: _getInfo() called
[2020-10-23 17:34:06,896] DEBUG: _getInfo() called
[2020-10-23 17:34:20,248] DEBUG: _getInfo() called
[2020-10-23 17:36:20,173] DEBUG: _getInfo() called
[2020-10-23 17:36:32,977] DEBUG: _getInfo() called
[2020-10-23 17:38:04,299] DEBUG: _getInfo() called
[2020-10-23 17:48:31,146] DEBUG: _getInfo() called
[2020-10-23 17:49:09,918] DEBUG: _getInfo() called
[2020-10-23 17:50:30,006] DEBUG: _getInfo() called
[2020-10-23 17:50:43,313] DEBUG: signInUser() called for 1
[2020-10-23 17:50:43,313] DEBUG: _getInfo() called
[2020-10-23 17:50:43,313] DEBUG: _validateUser() called for 1
[2020-10-23 17:50:43,314] INFO: 1 was not validated
[2020-10-23 17:50:43,314] INFO: 1 could not be verified
[2020-10-23 17:50:45,854] DEBUG: signInUser() called for 123
[2020-10-23 17:50:45,854] DEBUG: _getInfo() called
[2020-10-23 17:50:45,854] DEBUG: _validateUser() called for 123
[2020-10-23 17:50:45,854] INFO: 123 was not validated
[2020-10-23 17:50:45,854] INFO: 123 could not be verified
[2020-10-23 17:50:48,540] DEBUG: signInUser() called for 123
[2020-10-23 17:50:48,540] DEBUG: _getInfo() called
[2020-10-23 17:50:48,540] DEBUG: _validateUser() called for 123
[2020-10-23 17:50:48,540] INFO: 123 was not validated
[2020-10-23 17:50:48,540] INFO: 123 could not be verified
[2020-10-23 17:52:44,800] DEBUG: _getInfo() called
[2020-10-23 17:53:03,480] DEBUG: _getInfo() called
[2020-10-23 17:53:26,724] DEBUG: _getInfo() called
[2020-10-23 17:54:23,759] DEBUG: _getInfo() called
[2020-10-23 17:59:37,435] DEBUG: _getInfo() called
[2020-10-23 17:59:40,765] DEBUG: currentUserInfo() called
[2020-10-23 17:59:40,765] INFO: No user logged in
[2020-10-23 18:08:31,763] DEBUG: _getInfo() called
[2020-10-23 18:08:37,100] DEBUG: currentUserInfo() called
[2020-10-23 18:08:37,100] INFO: No user logged in
[2020-10-23 18:08:42,532] DEBUG: makeNewUser() called for test
[2020-10-23 18:08:42,532] DEBUG: _getInfo() called
[2020-10-23 18:08:42,532] INFO: Created user object for test
[2020-10-23 18:08:42,532] DEBUG: _saveInfo() called
[2020-10-23 18:08:42,538] DEBUG: _getInfo() called
[2020-10-23 18:08:42,538] INFO: Created user object for test
[2020-10-23 18:08:47,444] DEBUG: signInUser() called for test
[2020-10-23 18:08:47,444] DEBUG: _getInfo() called
[2020-10-23 18:08:47,444] INFO: Created user object for test
[2020-10-23 18:08:47,444] DEBUG: _validateUser() called for test
[2020-10-23 18:08:47,444] INFO: test was validated
[2020-10-23 18:08:47,444] INFO: test is signed in
[2020-10-23 18:08:50,601] DEBUG: currentUserInfo() called
[2020-10-23 18:08:50,601] INFO: test is logged in
[2020-10-23 18:09:01,630] DEBUG: makeNewUser() called for test1
[2020-10-23 18:09:01,630] DEBUG: _getInfo() called
[2020-10-23 18:09:01,630] INFO: Created user object for test
[2020-10-23 18:09:01,630] INFO: Created user object for test1
[2020-10-23 18:09:01,630] DEBUG: _saveInfo() called
[2020-10-23 18:09:01,635] DEBUG: _getInfo() called
[2020-10-23 18:09:01,635] INFO: Created user object for test
[2020-10-23 18:09:01,636] INFO: Created user object for test1
[2020-10-23 18:09:16,180] DEBUG: signInUser() called for test1
[2020-10-23 18:09:16,180] DEBUG: _getInfo() called
[2020-10-23 18:09:16,180] INFO: Created user object for test
[2020-10-23 18:09:16,180] INFO: Created user object for test1
[2020-10-23 18:09:16,180] DEBUG: _validateUser() called for test1
[2020-10-23 18:09:16,180] INFO: test1 was validated
[2020-10-23 18:09:16,180] INFO: test1 is signed in
[2020-10-23 18:09:19,504] DEBUG: currentUserInfo() called
[2020-10-23 18:09:19,504] INFO: test1 is logged in
[2020-10-23 18:09:19,504] DEBUG: signOutUser() called
[2020-10-23 18:09:19,504] INFO: test1 has been logged out
[2020-10-23 18:09:26,090] DEBUG: signInUser() called for test1
[2020-10-23 18:09:26,090] DEBUG: _getInfo() called
[2020-10-23 18:09:26,090] INFO: Created user object for test
[2020-10-23 18:09:26,090] INFO: Created user object for test1
[2020-10-23 18:09:26,090] DEBUG: _validateUser() called for test1
[2020-10-23 18:09:26,090] INFO: test1 was validated
[2020-10-23 18:09:26,090] INFO: test1 is signed in
[2020-10-23 18:09:30,634] DEBUG: currentUserInfo() called
[2020-10-23 18:09:30,634] INFO: test1 is logged in
[2020-10-23 18:09:30,634] DEBUG: signOutUser() called
[2020-10-23 18:09:30,634] INFO: test1 has been logged out
[2020-10-23 18:11:31,698] DEBUG: _getInfo() called
[2020-10-23 18:11:31,698] INFO: Created user object for test
[2020-10-23 18:11:31,698] INFO: Created user object for test1
[2020-10-23 18:11:47,784] DEBUG: signInUser() called for test1
[2020-10-23 18:11:47,784] DEBUG: _getInfo() called
[2020-10-23 18:11:47,784] INFO: Created user object for test
[2020-10-23 18:11:47,784] INFO: Created user object for test1
[2020-10-23 18:11:47,784] DEBUG: _validateUser() called for test1
[2020-10-23 18:11:47,785] INFO: test1 was validated
[2020-10-23 18:11:47,785] INFO: test1 is signed in
[2020-10-23 18:11:50,255] DEBUG: currentUserInfo() called
[2020-10-23 18:11:50,255] INFO: test1 is logged in
[2020-10-23 18:11:50,255] DEBUG: signOutUser() called
[2020-10-23 18:11:50,255] INFO: test1 has been logged out
[2020-10-23 18:12:03,804] DEBUG: _getInfo() called
[2020-10-23 18:12:03,804] INFO: Created user object for test
[2020-10-23 18:12:03,804] INFO: Created user object for test1
[2020-10-23 18:12:10,894] DEBUG: _getInfo() called
[2020-10-23 18:12:10,895] INFO: Created user object for test
[2020-10-23 18:12:10,895] INFO: Created user object for test1
[2020-10-23 18:13:57,905] DEBUG: _getInfo() called
[2020-10-23 18:13:57,905] INFO: Created user object for test
[2020-10-23 18:13:57,905] INFO: Created user object for test1
[2020-10-23 18:14:07,691] DEBUG: _getInfo() called
[2020-10-23 18:14:07,691] INFO: Created user object for test
[2020-10-23 18:14:07,691] INFO: Created user object for test1
[2020-10-23 18:14:14,015] DEBUG: signInUser() called for test1
[2020-10-23 18:14:14,015] DEBUG: _getInfo() called
[2020-10-23 18:14:14,015] INFO: Created user object for test
[2020-10-23 18:14:14,015] INFO: Created user object for test1
[2020-10-23 18:14:14,015] DEBUG: _validateUser() called for test1
[2020-10-23 18:14:14,015] INFO: test1 was not validated
[2020-10-23 18:14:14,015] INFO: test1 could not be verified
[2020-10-23 18:14:20,009] DEBUG: signInUser() called for test1
[2020-10-23 18:14:20,009] DEBUG: _getInfo() called
[2020-10-23 18:14:20,009] INFO: Created user object for test
[2020-10-23 18:14:20,009] INFO: Created user object for test1
[2020-10-23 18:14:20,009] DEBUG: _validateUser() called for test1
[2020-10-23 18:14:20,009] INFO: test1 was validated
[2020-10-23 18:14:20,009] INFO: test1 is signed in
[2020-10-23 18:15:28,604] DEBUG: _getInfo() called
[2020-10-23 18:15:28,604] INFO: Created user object for test
[2020-10-23 18:15:28,604] INFO: Created user object for test1
[2020-10-23 18:15:34,642] DEBUG: signInUser() called for test1
[2020-10-23 18:15:34,642] DEBUG: _getInfo() called
[2020-10-23 18:15:34,642] INFO: Created user object for test
[2020-10-23 18:15:34,642] INFO: Created user object for test1
[2020-10-23 18:15:34,643] DEBUG: _validateUser() called for test1
[2020-10-23 18:15:34,643] INFO: test1 was validated
[2020-10-23 18:15:34,643] INFO: test1 is signed in
[2020-10-23 18:15:40,198] DEBUG: currentUserInfo() called
[2020-10-23 18:15:40,198] INFO: test1 is logged in
[2020-10-23 18:15:40,198] DEBUG: signOutUser() called
[2020-10-23 18:15:40,199] INFO: test1 has been logged out
[2020-10-23 18:51:39,170] DEBUG: _getInfo() called
[2020-10-23 18:51:39,170] INFO: Created user object for test
[2020-10-23 18:51:39,171] INFO: Created user object for test1
[2020-10-23 18:51:47,521] DEBUG: signInUser() called for test1
[2020-10-23 18:51:47,521] DEBUG: _getInfo() called
[2020-10-23 18:51:47,521] INFO: Created user object for test
[2020-10-23 18:51:47,521] INFO: Created user object for test1
[2020-10-23 18:51:47,522] DEBUG: _validateUser() called for test1
[2020-10-23 18:51:47,522] INFO: test1 was validated
[2020-10-23 18:51:47,522] INFO: test1 is signed in
[2020-10-23 18:52:56,362] DEBUG: _getInfo() called
[2020-10-23 18:52:56,362] INFO: Created user object for test
[2020-10-23 18:52:56,362] INFO: Created user object for test1
[2020-10-23 18:53:02,479] DEBUG: signInUser() called for test1
[2020-10-23 18:53:02,479] DEBUG: _getInfo() called
[2020-10-23 18:53:02,479] INFO: Created user object for test
[2020-10-23 18:53:02,479] INFO: Created user object for test1
[2020-10-23 18:53:02,479] DEBUG: _validateUser() called for test1
[2020-10-23 18:53:02,479] INFO: test1 was validated
[2020-10-23 18:53:02,479] INFO: test1 is signed in
[2020-10-23 18:53:08,768] DEBUG: currentUserInfo() called
[2020-10-23 18:53:08,768] INFO: test1 is logged in
[2020-10-23 18:53:08,768] DEBUG: signOutUser() called
[2020-10-23 18:53:08,768] INFO: test1 has been logged out
[2020-10-23 18:53:21,141] DEBUG: _getInfo() called
[2020-10-23 18:53:21,141] INFO: Created user object for test
[2020-10-23 18:53:21,141] INFO: Created user object for test1
[2020-10-23 18:53:31,895] DEBUG: signInUser() called for test1
[2020-10-23 18:53:31,896] DEBUG: _getInfo() called
[2020-10-23 18:53:31,896] INFO: Created user object for test
[2020-10-23 18:53:31,896] INFO: Created user object for test1
[2020-10-23 18:53:31,896] DEBUG: _validateUser() called for test1
[2020-10-23 18:53:31,896] INFO: test1 was validated
[2020-10-23 18:53:31,896] INFO: test1 is signed in
[2020-10-23 18:59:55,291] DEBUG: _getInfo() called
[2020-10-23 18:59:55,291] INFO: Created user object for test
[2020-10-23 18:59:55,291] INFO: Created user object for test1
[2020-10-23 19:00:09,316] DEBUG: signInUser() called for test
[2020-10-23 19:00:09,316] DEBUG: _getInfo() called
[2020-10-23 19:00:09,316] INFO: Created user object for test
[2020-10-23 19:00:09,316] INFO: Created user object for test1
[2020-10-23 19:00:09,316] DEBUG: _validateUser() called for test
[2020-10-23 19:00:09,316] INFO: test was validated
[2020-10-23 19:00:09,316] INFO: test is signed in
[2020-10-23 19:01:17,720] DEBUG: _getInfo() called
[2020-10-23 19:01:17,720] INFO: Created user object for test
[2020-10-23 19:01:17,720] INFO: Created user object for test1
[2020-10-23 19:01:34,461] DEBUG: signInUser() called for test1
[2020-10-23 19:01:34,461] DEBUG: _getInfo() called
[2020-10-23 19:01:34,462] INFO: Created user object for test
[2020-10-23 19:01:34,462] INFO: Created user object for test1
[2020-10-23 19:01:34,462] DEBUG: _validateUser() called for test1
[2020-10-23 19:01:34,462] INFO: test1 was validated
[2020-10-23 19:01:34,462] INFO: test1 is signed in
[2020-10-23 19:01:39,351] DEBUG: currentUserInfo() called
[2020-10-23 19:01:39,351] INFO: test1 is logged in
[2020-10-23 19:01:39,351] DEBUG: signOutUser() called
[2020-10-23 19:01:39,351] INFO: test1 has been logged out
[2020-10-23 19:02:57,361] DEBUG: signInUser() called for test1
[2020-10-23 19:02:57,361] DEBUG: _getInfo() called
[2020-10-23 19:02:57,361] INFO: Created user object for test
[2020-10-23 19:02:57,361] INFO: Created user object for test1
[2020-10-23 19:02:57,361] DEBUG: _validateUser() called for test1
[2020-10-23 19:02:57,361] INFO: test1 was validated
[2020-10-23 19:02:57,361] INFO: test1 is signed in
[2020-10-23 19:03:12,514] DEBUG: currentUserInfo() called
[2020-10-23 19:03:12,514] INFO: test1 is logged in
[2020-10-23 19:03:12,514] DEBUG: signOutUser() called
[2020-10-23 19:03:12,514] INFO: test1 has been logged out
[2020-10-23 19:04:17,295] DEBUG: _getInfo() called
[2020-10-23 19:04:17,296] INFO: Created user object for test
[2020-10-23 19:04:17,296] INFO: Created user object for test1
[2020-10-23 19:08:05,231] DEBUG: _getInfo() called
[2020-10-23 19:08:05,231] INFO: Created user object for test
[2020-10-23 19:08:05,231] INFO: Created user object for test1
[2020-10-23 19:08:16,348] DEBUG: signInUser() called for test1
[2020-10-23 19:08:16,348] DEBUG: _getInfo() called
[2020-10-23 19:08:16,348] INFO: Created user object for test
[2020-10-23 19:08:16,348] INFO: Created user object for test1
[2020-10-23 19:08:16,348] DEBUG: _validateUser() called for test1
[2020-10-23 19:08:16,348] INFO: test1 was validated
[2020-10-23 19:08:16,348] INFO: test1 is signed in
[2020-10-23 19:08:27,566] DEBUG: currentUserInfo() called
[2020-10-23 19:08:27,566] INFO: test1 is logged in
[2020-10-23 19:08:27,566] DEBUG: deleteUser() called for test1
[2020-10-23 19:08:27,566] INFO: test1 deleted
[2020-10-23 19:08:27,566] DEBUG: _saveInfo() called
[2020-10-23 19:08:27,568] DEBUG: _getInfo() called
[2020-10-23 19:08:27,568] INFO: Created user object for test
[2020-10-23 19:11:02,691] DEBUG: _getInfo() called
[2020-10-23 19:11:02,692] INFO: Created user object for test
[2020-10-23 19:11:47,847] DEBUG: _getInfo() called
[2020-10-23 19:11:47,847] INFO: Created user object for test
[2020-10-23 19:15:22,919] DEBUG: _getInfo() called
[2020-10-23 19:15:22,920] INFO: Created user object for test
[2020-10-23 19:15:25,663] DEBUG: currentUserInfo() called
[2020-10-23 19:15:25,663] INFO: No user logged in
[2020-10-23 19:15:50,211] DEBUG: _getInfo() called
[2020-10-23 19:15:50,211] INFO: Created user object for test
[2020-10-23 19:15:52,710] DEBUG: currentUserInfo() called
[2020-10-23 19:15:52,710] INFO: No user logged in
[2020-10-23 19:16:07,253] DEBUG: _getInfo() called
[2020-10-23 19:16:07,253] INFO: Created user object for test
[2020-10-23 19:16:12,207] DEBUG: currentUserInfo() called
[2020-10-23 19:16:12,207] INFO: No user logged in
[2020-10-23 19:17:45,360] DEBUG: _getInfo() called
[2020-10-23 19:17:45,360] INFO: Created user object for test
[2020-10-23 19:42:37,446] DEBUG: _getInfo() called
[2020-10-23 19:42:37,447] INFO: Created user object for test
[2020-10-23 19:42:59,668] DEBUG: signInUser() called for Matt
[2020-10-23 19:42:59,668] DEBUG: _getInfo() called
[2020-10-23 19:42:59,669] INFO: Created user object for Matt
[2020-10-23 19:42:59,669] DEBUG: _validateUser() called for Matt
[2020-10-23 19:42:59,669] INFO: Matt was validated
[2020-10-23 19:42:59,669] INFO: Matt is signed in
[2020-10-23 19:43:10,927] DEBUG: currentUserInfo() called
[2020-10-23 19:43:10,927] INFO: Matt is logged in
[2020-10-23 19:43:10,927] DEBUG: deleteUser() called for Matt
[2020-10-23 19:43:10,927] INFO: Matt deleted
[2020-10-23 19:43:10,927] DEBUG: _saveInfo() called
[2020-10-23 19:43:10,940] DEBUG: _getInfo() called
[2020-10-23 19:43:18,302] DEBUG: signInUser() called for Matt
[2020-10-23 19:43:18,302] DEBUG: _getInfo() called
[2020-10-23 19:43:18,303] DEBUG: _validateUser() called for Matt
[2020-10-23 19:43:18,303] INFO: Matt was not validated
[2020-10-23 19:43:18,303] INFO: Matt could not be verified
[2020-10-23 19:43:21,858] DEBUG: currentUserInfo() called
[2020-10-23 19:43:21,859] INFO: No user logged in
[2020-10-23 19:43:30,012] DEBUG: makeNewUser() called for Matt
[2020-10-23 19:43:30,013] DEBUG: _getInfo() called
[2020-10-23 19:43:30,013] INFO: Created user object for Matt
[2020-10-23 19:43:30,013] DEBUG: _saveInfo() called
[2020-10-23 19:43:30,020] DEBUG: _getInfo() called
[2020-10-23 19:43:30,020] INFO: Created user object for Matt
[2020-10-23 19:43:36,760] DEBUG: signInUser() called for Matt
[2020-10-23 19:43:36,761] DEBUG: _getInfo() called
[2020-10-23 19:43:36,761] INFO: Created user object for Matt
[2020-10-23 19:43:36,761] DEBUG: _validateUser() called for Matt
[2020-10-23 19:43:36,761] INFO: Matt was validated
[2020-10-23 19:43:36,762] INFO: Matt is signed in
[2020-10-23 19:44:21,658] DEBUG: currentUserInfo() called
[2020-10-23 19:44:21,659] INFO: Matt is logged in
[2020-10-23 19:44:21,659] DEBUG: signOutUser() called
[2020-10-23 19:44:21,659] INFO: Matt has been logged out
[2020-10-23 19:44:32,402] DEBUG: currentUserInfo() called
[2020-10-23 19:44:32,402] INFO: No user logged in
[2020-10-23 19:44:43,899] DEBUG: makeNewUser() called for test1
[2020-10-23 19:44:43,899] DEBUG: _getInfo() called
[2020-10-23 19:44:43,899] INFO: Created user object for test1
[2020-10-23 19:44:43,899] DEBUG: _saveInfo() called
[2020-10-23 19:44:43,909] DEBUG: _getInfo() called
[2020-10-23 19:44:43,909] INFO: Created user object for test1
[2020-10-23 19:44:47,206] DEBUG: currentUserInfo() called
[2020-10-23 19:44:47,207] INFO: No user logged in
[2020-10-23 19:44:58,530] DEBUG: makeNewUser() called for test2
[2020-10-23 19:44:58,531] DEBUG: _getInfo() called
[2020-10-23 19:44:58,531] INFO: Created user object for test1
[2020-10-23 19:44:58,531] INFO: Created user object for test2
[2020-10-23 19:44:58,531] DEBUG: _saveInfo() called
[2020-10-23 19:44:58,541] DEBUG: _getInfo() called
[2020-10-23 19:44:58,541] INFO: Created user object for test1
[2020-10-23 19:44:58,542] INFO: Created user object for test2
[2020-10-23 19:45:01,320] DEBUG: currentUserInfo() called
[2020-10-23 19:45:01,320] INFO: No user logged in
[2020-10-23 19:45:12,358] DEBUG: makeNewUser() called for test3
[2020-10-23 19:45:12,358] DEBUG: _getInfo() called
[2020-10-23 19:45:12,358] INFO: Created user object for test1
[2020-10-23 19:45:12,359] INFO: Created user object for test2
[2020-10-23 19:45:12,359] INFO: Created user object for test3
[2020-10-23 19:45:12,359] DEBUG: _saveInfo() called
[2020-10-23 19:45:12,367] DEBUG: _getInfo() called
[2020-10-23 19:45:12,367] INFO: Created user object for test1
[2020-10-23 19:45:12,367] INFO: Created user object for test2
[2020-10-23 19:45:12,367] INFO: Created user object for test3
[2020-10-23 19:45:15,153] DEBUG: currentUserInfo() called
[2020-10-23 19:45:15,153] INFO: No user logged in
[2020-10-23 19:45:24,912] DEBUG: makeNewUser() called for test4
[2020-10-23 19:45:24,912] DEBUG: _getInfo() called
[2020-10-23 19:45:24,913] INFO: Created user object for test1
[2020-10-23 19:45:24,913] INFO: Created user object for test2
[2020-10-23 19:45:24,913] INFO: Created user object for test3
[2020-10-23 19:45:24,913] INFO: Created user object for test4
[2020-10-23 19:45:24,913] DEBUG: _saveInfo() called
[2020-10-23 19:45:24,923] DEBUG: _getInfo() called
[2020-10-23 19:45:24,923] INFO: Created user object for test1
[2020-10-23 19:45:24,923] INFO: Created user object for test2
[2020-10-23 19:45:24,923] INFO: Created user object for test3
[2020-10-23 19:45:24,923] INFO: Created user object for test4
[2020-10-23 19:45:28,472] DEBUG: currentUserInfo() called
[2020-10-23 19:45:28,472] INFO: No user logged in
[2020-10-23 19:45:33,429] DEBUG: makeNewUser() called for test5
[2020-10-23 19:45:33,429] DEBUG: _getInfo() called
[2020-10-23 19:45:33,429] INFO: Created user object for test1
[2020-10-23 19:45:33,429] INFO: Created user object for test2
[2020-10-23 19:45:33,430] INFO: Created user object for test3
[2020-10-23 19:45:33,430] INFO: Created user object for test4
[2020-10-23 19:45:33,430] INFO: Created user object for test5
[2020-10-23 19:45:33,430] DEBUG: _saveInfo() called
[2020-10-23 19:45:33,440] DEBUG: _getInfo() called
[2020-10-23 19:45:33,440] INFO: Created user object for test1
[2020-10-23 19:45:33,440] INFO: Created user object for test2
[2020-10-23 19:45:33,440] INFO: Created user object for test3
[2020-10-23 19:45:33,440] INFO: Created user object for test4
[2020-10-23 19:45:33,440] INFO: Created user object for test5
[2020-10-23 19:45:35,932] DEBUG: currentUserInfo() called
[2020-10-23 19:45:35,932] INFO: No user logged in
[2020-10-23 19:45:40,716] DEBUG: makeNewUser() called for test6
[2020-10-23 19:45:40,716] DEBUG: _getInfo() called
[2020-10-23 19:45:40,717] INFO: Created user object for test1
[2020-10-23 19:45:40,717] INFO: Created user object for test2
[2020-10-23 19:45:40,717] INFO: Created user object for test3
[2020-10-23 19:45:40,717] INFO: Created user object for test4
[2020-10-23 19:45:40,717] INFO: Created user object for test5
[2020-10-23 19:45:40,718] INFO: Created user object for test6
[2020-10-23 19:45:40,718] DEBUG: _saveInfo() called
[2020-10-23 19:45:40,730] DEBUG: _getInfo() called
[2020-10-23 19:45:40,730] INFO: Created user object for test1
[2020-10-23 19:45:40,730] INFO: Created user object for test2
[2020-10-23 19:45:40,730] INFO: Created user object for test3
[2020-10-23 19:45:40,730] INFO: Created user object for test4
[2020-10-23 19:45:40,730] INFO: Created user object for test5
[2020-10-23 19:45:40,730] INFO: Created user object for test6
[2020-10-23 19:45:43,119] DEBUG: currentUserInfo() called
[2020-10-23 19:45:43,120] INFO: No user logged in
[2020-10-23 19:45:47,716] DEBUG: makeNewUser() called for test7
[2020-10-23 19:45:47,716] DEBUG: _getInfo() called
[2020-10-23 19:45:47,716] INFO: Created user object for test1
[2020-10-23 19:45:47,716] INFO: Created user object for test2
[2020-10-23 19:45:47,718] INFO: Created user object for test3
[2020-10-23 19:45:47,718] INFO: Created user object for test4
[2020-10-23 19:45:47,718] INFO: Created user object for test5
[2020-10-23 19:45:47,718] INFO: Created user object for test6
[2020-10-23 19:45:47,718] INFO: Created user object for test7
[2020-10-23 19:45:47,718] DEBUG: _saveInfo() called
[2020-10-23 19:45:47,727] DEBUG: _getInfo() called
[2020-10-23 19:45:47,727] INFO: Created user object for test1
[2020-10-23 19:45:47,727] INFO: Created user object for test2
[2020-10-23 19:45:47,727] INFO: Created user object for test3
[2020-10-23 19:45:47,727] INFO: Created user object for test4
[2020-10-23 19:45:47,729] INFO: Created user object for test5
[2020-10-23 19:45:47,729] INFO: Created user object for test6
[2020-10-23 19:45:47,729] INFO: Created user object for test7
[2020-10-23 19:45:50,509] DEBUG: currentUserInfo() called
[2020-10-23 19:45:50,509] INFO: No user logged in
[2020-10-23 19:45:55,669] DEBUG: makeNewUser() called for test8
[2020-10-23 19:45:55,669] DEBUG: _getInfo() called
[2020-10-23 19:45:55,669] INFO: Created user object for test1
[2020-10-23 19:45:55,670] INFO: Created user object for test2
[2020-10-23 19:45:55,670] INFO: Created user object for test3
[2020-10-23 19:45:55,670] INFO: Created user object for test4
[2020-10-23 19:45:55,670] INFO: Created user object for test5
[2020-10-23 19:45:55,670] INFO: Created user object for test6
[2020-10-23 19:45:55,670] INFO: Created user object for test7
[2020-10-23 19:45:55,670] INFO: Created user object for test8
[2020-10-23 19:45:55,671] DEBUG: _saveInfo() called
[2020-10-23 19:45:55,680] DEBUG: _getInfo() called
[2020-10-23 19:45:55,680] INFO: Created user object for test1
[2020-10-23 19:45:55,680] INFO: Created user object for test2
[2020-10-23 19:45:55,680] INFO: Created user object for test3
[2020-10-23 19:45:55,680] INFO: Created user object for test4
[2020-10-23 19:45:55,680] INFO: Created user object for test5
[2020-10-23 19:45:55,680] INFO: Created user object for test6
[2020-10-23 19:45:55,680] INFO: Created user object for test7
[2020-10-23 19:45:55,680] INFO: Created user object for test8
[2020-10-23 19:45:58,574] DEBUG: currentUserInfo() called
[2020-10-23 19:45:58,574] INFO: No user logged in
[2020-10-23 19:46:04,144] DEBUG: makeNewUser() called for test9
[2020-10-23 19:46:04,144] DEBUG: _getInfo() called
[2020-10-23 19:46:04,144] INFO: Created user object for test1
[2020-10-23 19:46:04,145] INFO: Created user object for test2
[2020-10-23 19:46:04,145] INFO: Created user object for test3
[2020-10-23 19:46:04,145] INFO: Created user object for test4
[2020-10-23 19:46:04,145] INFO: Created user object for test5
[2020-10-23 19:46:04,145] INFO: Created user object for test6
[2020-10-23 19:46:04,145] INFO: Created user object for test7
[2020-10-23 19:46:04,146] INFO: Created user object for test8
[2020-10-23 19:46:04,146] INFO: Created user object for test9
[2020-10-23 19:46:04,146] DEBUG: _saveInfo() called
[2020-10-23 19:46:04,162] DEBUG: _getInfo() called
[2020-10-23 19:46:04,162] INFO: Created user object for test1
[2020-10-23 19:46:04,163] INFO: Created user object for test2
[2020-10-23 19:46:04,163] INFO: Created user object for test3
[2020-10-23 19:46:04,163] INFO: Created user object for test4
[2020-10-23 19:46:04,163] INFO: Created user object for test5
[2020-10-23 19:46:04,163] INFO: Created user object for test6
[2020-10-23 19:46:04,163] INFO: Created user object for test7
[2020-10-23 19:46:04,163] INFO: Created user object for test8
[2020-10-23 19:46:04,164] INFO: Created user object for test9
[2020-10-23 19:46:06,767] DEBUG: currentUserInfo() called
[2020-10-23 19:46:06,767] INFO: No user logged in
[2020-10-23 19:46:12,700] DEBUG: makeNewUser() called for test10
[2020-10-23 19:46:12,700] DEBUG: _getInfo() called
[2020-10-23 19:46:12,700] INFO: Created user object for test1
[2020-10-23 19:46:12,700] INFO: Created user object for test2
[2020-10-23 19:46:12,700] INFO: Created user object for test3
[2020-10-23 19:46:12,700] INFO: Created user object for test4
[2020-10-23 19:46:12,700] INFO: Created user object for test5
[2020-10-23 19:46:12,701] INFO: Created user object for test6
[2020-10-23 19:46:12,701] INFO: Created user object for test7
[2020-10-23 19:46:12,701] INFO: Created user object for test8
[2020-10-23 19:46:12,701] INFO: Created user object for test9
[2020-10-23 19:46:12,701] INFO: Created user object for test10
[2020-10-23 19:46:12,701] DEBUG: _saveInfo() called
[2020-10-23 19:46:12,711] DEBUG: _getInfo() called
[2020-10-23 19:46:12,711] INFO: Created user object for test1
[2020-10-23 19:46:12,711] INFO: Created user object for test2
[2020-10-23 19:46:12,711] INFO: Created user object for test3
[2020-10-23 19:46:12,712] INFO: Created user object for test4
[2020-10-23 19:46:12,712] INFO: Created user object for test5
[2020-10-23 19:46:12,712] INFO: Created user object for test6
[2020-10-23 19:46:12,712] INFO: Created user object for test7
[2020-10-23 19:46:12,712] INFO: Created user object for test8
[2020-10-23 19:46:12,712] INFO: Created user object for test9
[2020-10-23 19:46:12,712] INFO: Created user object for test10
[2020-10-23 19:46:16,047] DEBUG: currentUserInfo() called
[2020-10-23 19:46:16,047] INFO: No user logged in
[2020-10-23 19:46:20,690] DEBUG: makeNewUser() called for test11
[2020-10-23 19:46:20,690] DEBUG: _getInfo() called
[2020-10-23 19:46:20,690] INFO: Created user object for test1
[2020-10-23 19:46:20,691] INFO: Created user object for test2
[2020-10-23 19:46:20,691] INFO: Created user object for test3
[2020-10-23 19:46:20,691] INFO: Created user object for test4
[2020-10-23 19:46:20,691] INFO: Created user object for test5
[2020-10-23 19:46:20,691] INFO: Created user object for test6
[2020-10-23 19:46:20,691] INFO: Created user object for test7
[2020-10-23 19:46:20,691] INFO: Created user object for test8
[2020-10-23 19:46:20,692] INFO: Created user object for test9
[2020-10-23 19:46:20,692] INFO: Created user object for test10
[2020-10-23 19:46:25,902] DEBUG: signInUser() called for 
[2020-10-23 19:46:25,902] DEBUG: _getInfo() called
[2020-10-23 19:46:25,903] INFO: Created user object for test1
[2020-10-23 19:46:25,903] INFO: Created user object for test2
[2020-10-23 19:46:25,903] INFO: Created user object for test3
[2020-10-23 19:46:25,903] INFO: Created user object for test4
[2020-10-23 19:46:25,903] INFO: Created user object for test5
[2020-10-23 19:46:25,904] INFO: Created user object for test6
[2020-10-23 19:46:25,904] INFO: Created user object for test7
[2020-10-23 19:46:25,904] INFO: Created user object for test8
[2020-10-23 19:46:25,904] INFO: Created user object for test9
[2020-10-23 19:46:25,904] INFO: Created user object for test10
[2020-10-23 19:46:25,904] DEBUG: _validateUser() called for 
[2020-10-23 19:46:25,904] INFO:  was not validated
[2020-10-23 19:46:25,905] INFO:  could not be verified
[2020-10-23 19:46:31,776] DEBUG: signInUser() called for test4
[2020-10-23 19:46:31,777] DEBUG: _getInfo() called
[2020-10-23 19:46:31,777] INFO: Created user object for test1
[2020-10-23 19:46:31,777] INFO: Created user object for test2
[2020-10-23 19:46:31,777] INFO: Created user object for test3
[2020-10-23 19:46:31,777] INFO: Created user object for test4
[2020-10-23 19:46:31,778] INFO: Created user object for test5
[2020-10-23 19:46:31,778] INFO: Created user object for test6
[2020-10-23 19:46:31,778] INFO: Created user object for test7
[2020-10-23 19:46:31,778] INFO: Created user object for test8
[2020-10-23 19:46:31,778] INFO: Created user object for test9
[2020-10-23 19:46:31,778] INFO: Created user object for test10
[2020-10-23 19:46:31,778] DEBUG: _validateUser() called for test4
[2020-10-23 19:46:31,779] INFO: test4 was validated
[2020-10-23 19:46:31,779] INFO: test4 is signed in
[2020-10-23 19:46:39,273] DEBUG: currentUserInfo() called
[2020-10-23 19:46:39,273] INFO: test4 is logged in
[2020-10-23 19:46:45,214] DEBUG: makeNewUser() called for test11
[2020-10-23 19:46:45,214] DEBUG: _getInfo() called
[2020-10-23 19:46:45,214] INFO: Created user object for test1
[2020-10-23 19:46:45,215] INFO: Created user object for test2
[2020-10-23 19:46:45,215] INFO: Created user object for test3
[2020-10-23 19:46:45,215] INFO: Created user object for test4
[2020-10-23 19:46:45,215] INFO: Created user object for test5
[2020-10-23 19:46:45,215] INFO: Created user object for test6
[2020-10-23 19:46:45,215] INFO: Created user object for test7
[2020-10-23 19:46:45,216] INFO: Created user object for test8
[2020-10-23 19:46:45,216] INFO: Created user object for test9
[2020-10-23 19:46:45,216] INFO: Created user object for test10
[2020-10-23 19:46:52,801] DEBUG: makeNewUser() called for test11
[2020-10-23 19:46:52,801] DEBUG: _getInfo() called
[2020-10-23 19:46:52,801] INFO: Created user object for test1
[2020-10-23 19:46:52,801] INFO: Created user object for test2
[2020-10-23 19:46:52,801] INFO: Created user object for test3
[2020-10-23 19:46:52,801] INFO: Created user object for test4
[2020-10-23 19:46:52,801] INFO: Created user object for test5
[2020-10-23 19:46:52,801] INFO: Created user object for test6
[2020-10-23 19:46:52,801] INFO: Created user object for test7
[2020-10-23 19:46:52,801] INFO: Created user object for test8
[2020-10-23 19:46:52,801] INFO: Created user object for test9
[2020-10-23 19:46:52,802] INFO: Created user object for test10
[2020-10-23 19:47:03,604] DEBUG: currentUserInfo() called
[2020-10-23 19:47:03,604] INFO: No user logged in
[2020-10-23 19:47:07,243] DEBUG: currentUserInfo() called
[2020-10-23 19:47:07,243] INFO: No user logged in
